  main.cpp
c:\users\sam\documents\uni\2016\sem 2\ict290\assignments\1\clone\ict290grp\campus tour\main.cpp(434): warning C4838: conversion from 'double' to 'GLfloat' requires a narrowing conversion
c:\users\sam\documents\uni\2016\sem 2\ict290\assignments\1\clone\ict290grp\campus tour\main.cpp(434): warning C4305: 'initializing': truncation from 'double' to 'GLfloat'
c:\users\sam\documents\uni\2016\sem 2\ict290\assignments\1\clone\ict290grp\campus tour\main.cpp(511): warning C4305: 'argument': truncation from 'double' to 'GLclampf'
c:\users\sam\documents\uni\2016\sem 2\ict290\assignments\1\clone\ict290grp\campus tour\main.cpp(661): warning C4060: switch statement contains no 'case' or 'default' labels
c:\users\sam\documents\uni\2016\sem 2\ict290\assignments\1\clone\ict290grp\campus tour\main.cpp(679): warning C4060: switch statement contains no 'case' or 'default' labels
c:\users\sam\documents\uni\2016\sem 2\ict290\assignments\1\clone\ict290grp\campus tour\main.cpp(999): warning C4244: 'argument': conversion from 'double' to 'int', possible loss of data
c:\users\sam\documents\uni\2016\sem 2\ict290\assignments\1\clone\ict290grp\campus tour\main.cpp(1005): warning C4244: 'argument': conversion from 'double' to 'int', possible loss of data
c:\users\sam\documents\uni\2016\sem 2\ict290\assignments\1\clone\ict290grp\campus tour\main.cpp(1015): warning C4244: 'argument': conversion from 'double' to 'int', possible loss of data
c:\users\sam\documents\uni\2016\sem 2\ict290\assignments\1\clone\ict290grp\campus tour\main.cpp(1020): warning C4244: 'argument': conversion from 'double' to 'int', possible loss of data
c:\users\sam\documents\uni\2016\sem 2\ict290\assignments\1\clone\ict290grp\campus tour\main.cpp(1932): warning C4244: 'argument': conversion from 'GLdouble' to 'GLfloat', possible loss of data
c:\users\sam\documents\uni\2016\sem 2\ict290\assignments\1\clone\ict290grp\campus tour\main.cpp(1958): warning C4244: 'argument': conversion from 'GLdouble' to 'GLfloat', possible loss of data
c:\users\sam\documents\uni\2016\sem 2\ict290\assignments\1\clone\ict290grp\campus tour\main.cpp(1975): warning C4244: 'argument': conversion from 'GLdouble' to 'GLfloat', possible loss of data
c:\users\sam\documents\uni\2016\sem 2\ict290\assignments\1\clone\ict290grp\campus tour\main.cpp(2213): warning C4305: 'argument': truncation from 'double' to 'GLfloat'
c:\users\sam\documents\uni\2016\sem 2\ict290\assignments\1\clone\ict290grp\campus tour\main.cpp(2301): warning C4244: 'argument': conversion from 'GLdouble' to 'GLfloat', possible loss of data
c:\users\sam\documents\uni\2016\sem 2\ict290\assignments\1\clone\ict290grp\campus tour\main.cpp(2313): warning C4244: 'argument': conversion from 'GLdouble' to 'GLfloat', possible loss of data
c:\users\sam\documents\uni\2016\sem 2\ict290\assignments\1\clone\ict290grp\campus tour\main.cpp(2379): warning C4305: 'argument': truncation from 'double' to 'GLfloat'
c:\users\sam\documents\uni\2016\sem 2\ict290\assignments\1\clone\ict290grp\campus tour\main.cpp(2380): warning C4305: 'argument': truncation from 'double' to 'GLfloat'
c:\users\sam\documents\uni\2016\sem 2\ict290\assignments\1\clone\ict290grp\campus tour\main.cpp(2381): warning C4305: 'argument': truncation from 'double' to 'GLfloat'
c:\users\sam\documents\uni\2016\sem 2\ict290\assignments\1\clone\ict290grp\campus tour\main.cpp(2382): warning C4305: 'argument': truncation from 'double' to 'GLfloat'
c:\users\sam\documents\uni\2016\sem 2\ict290\assignments\1\clone\ict290grp\campus tour\main.cpp(2383): warning C4305: 'argument': truncation from 'double' to 'GLfloat'
c:\users\sam\documents\uni\2016\sem 2\ict290\assignments\1\clone\ict290grp\campus tour\main.cpp(2385): warning C4305: 'argument': truncation from 'double' to 'GLfloat'
c:\users\sam\documents\uni\2016\sem 2\ict290\assignments\1\clone\ict290grp\campus tour\main.cpp(2392): warning C4305: 'argument': truncation from 'double' to 'GLfloat'
c:\users\sam\documents\uni\2016\sem 2\ict290\assignments\1\clone\ict290grp\campus tour\main.cpp(2393): warning C4305: 'argument': truncation from 'double' to 'GLfloat'
c:\users\sam\documents\uni\2016\sem 2\ict290\assignments\1\clone\ict290grp\campus tour\main.cpp(2394): warning C4305: 'argument': truncation from 'double' to 'GLfloat'
c:\users\sam\documents\uni\2016\sem 2\ict290\assignments\1\clone\ict290grp\campus tour\main.cpp(2395): warning C4305: 'argument': truncation from 'double' to 'GLfloat'
c:\users\sam\documents\uni\2016\sem 2\ict290\assignments\1\clone\ict290grp\campus tour\main.cpp(2396): warning C4305: 'argument': truncation from 'double' to 'GLfloat'
c:\users\sam\documents\uni\2016\sem 2\ict290\assignments\1\clone\ict290grp\campus tour\main.cpp(2398): warning C4305: 'argument': truncation from 'double' to 'GLfloat'
c:\users\sam\documents\uni\2016\sem 2\ict290\assignments\1\clone\ict290grp\campus tour\main.cpp(2406): warning C4305: 'argument': truncation from 'double' to 'GLfloat'
c:\users\sam\documents\uni\2016\sem 2\ict290\assignments\1\clone\ict290grp\campus tour\main.cpp(2407): warning C4305: 'argument': truncation from 'double' to 'GLfloat'
c:\users\sam\documents\uni\2016\sem 2\ict290\assignments\1\clone\ict290grp\campus tour\main.cpp(2408): warning C4305: 'argument': truncation from 'double' to 'GLfloat'
c:\users\sam\documents\uni\2016\sem 2\ict290\assignments\1\clone\ict290grp\campus tour\main.cpp(2409): warning C4305: 'argument': truncation from 'double' to 'GLfloat'
c:\users\sam\documents\uni\2016\sem 2\ict290\assignments\1\clone\ict290grp\campus tour\main.cpp(2410): warning C4305: 'argument': truncation from 'double' to 'GLfloat'
c:\users\sam\documents\uni\2016\sem 2\ict290\assignments\1\clone\ict290grp\campus tour\main.cpp(2412): warning C4305: 'argument': truncation from 'double' to 'GLfloat'
c:\users\sam\documents\uni\2016\sem 2\ict290\assignments\1\clone\ict290grp\campus tour\main.cpp(2478): warning C4244: 'argument': conversion from 'GLdouble' to 'GLfloat', possible loss of data
c:\users\sam\documents\uni\2016\sem 2\ict290\assignments\1\clone\ict290grp\campus tour\main.cpp(2482): warning C4244: 'argument': conversion from 'GLdouble' to 'GLfloat', possible loss of data
c:\users\sam\documents\uni\2016\sem 2\ict290\assignments\1\clone\ict290grp\campus tour\main.cpp(2562): warning C4244: 'argument': conversion from 'GLdouble' to 'GLfloat', possible loss of data
c:\users\sam\documents\uni\2016\sem 2\ict290\assignments\1\clone\ict290grp\campus tour\main.cpp(2567): warning C4244: 'argument': conversion from 'GLdouble' to 'GLfloat', possible loss of data
c:\users\sam\documents\uni\2016\sem 2\ict290\assignments\1\clone\ict290grp\campus tour\main.cpp(2571): warning C4244: 'argument': conversion from 'GLdouble' to 'GLfloat', possible loss of data
c:\users\sam\documents\uni\2016\sem 2\ict290\assignments\1\clone\ict290grp\campus tour\main.cpp(2577): warning C4244: 'argument': conversion from 'GLdouble' to 'GLfloat', possible loss of data
c:\users\sam\documents\uni\2016\sem 2\ict290\assignments\1\clone\ict290grp\campus tour\main.cpp(2581): warning C4244: 'argument': conversion from 'GLdouble' to 'GLfloat', possible loss of data
c:\users\sam\documents\uni\2016\sem 2\ict290\assignments\1\clone\ict290grp\campus tour\main.cpp(2588): warning C4244: 'argument': conversion from 'GLdouble' to 'GLfloat', possible loss of data
c:\users\sam\documents\uni\2016\sem 2\ict290\assignments\1\clone\ict290grp\campus tour\main.cpp(2592): warning C4244: 'argument': conversion from 'GLdouble' to 'GLfloat', possible loss of data
c:\users\sam\documents\uni\2016\sem 2\ict290\assignments\1\clone\ict290grp\campus tour\main.cpp(2598): warning C4244: 'argument': conversion from 'GLdouble' to 'GLfloat', possible loss of data
c:\users\sam\documents\uni\2016\sem 2\ict290\assignments\1\clone\ict290grp\campus tour\main.cpp(2615): warning C4244: 'argument': conversion from 'GLdouble' to 'GLfloat', possible loss of data
c:\users\sam\documents\uni\2016\sem 2\ict290\assignments\1\clone\ict290grp\campus tour\main.cpp(2619): warning C4244: 'argument': conversion from 'GLdouble' to 'GLfloat', possible loss of data
c:\users\sam\documents\uni\2016\sem 2\ict290\assignments\1\clone\ict290grp\campus tour\main.cpp(2625): warning C4244: 'argument': conversion from 'GLdouble' to 'GLfloat', possible loss of data
c:\users\sam\documents\uni\2016\sem 2\ict290\assignments\1\clone\ict290grp\campus tour\main.cpp(2629): warning C4244: 'argument': conversion from 'GLdouble' to 'GLfloat', possible loss of data
c:\users\sam\documents\uni\2016\sem 2\ict290\assignments\1\clone\ict290grp\campus tour\main.cpp(2668): warning C4244: 'argument': conversion from 'GLdouble' to 'GLfloat', possible loss of data
c:\users\sam\documents\uni\2016\sem 2\ict290\assignments\1\clone\ict290grp\campus tour\main.cpp(2675): warning C4244: 'argument': conversion from 'GLdouble' to 'GLfloat', possible loss of data
c:\users\sam\documents\uni\2016\sem 2\ict290\assignments\1\clone\ict290grp\campus tour\main.cpp(2686): warning C4244: 'argument': conversion from 'GLdouble' to 'GLfloat', possible loss of data
c:\users\sam\documents\uni\2016\sem 2\ict290\assignments\1\clone\ict290grp\campus tour\main.cpp(2693): warning C4244: 'argument': conversion from 'GLdouble' to 'GLfloat', possible loss of data
c:\users\sam\documents\uni\2016\sem 2\ict290\assignments\1\clone\ict290grp\campus tour\main.cpp(2716): warning C4244: 'argument': conversion from 'GLdouble' to 'GLfloat', possible loss of data
c:\users\sam\documents\uni\2016\sem 2\ict290\assignments\1\clone\ict290grp\campus tour\main.cpp(2730): warning C4244: 'argument': conversion from 'GLdouble' to 'GLfloat', possible loss of data
c:\users\sam\documents\uni\2016\sem 2\ict290\assignments\1\clone\ict290grp\campus tour\main.cpp(2750): warning C4244: 'argument': conversion from 'GLdouble' to 'GLfloat', possible loss of data
c:\users\sam\documents\uni\2016\sem 2\ict290\assignments\1\clone\ict290grp\campus tour\main.cpp(2788): warning C4305: 'argument': truncation from 'double' to 'GLfloat'
c:\users\sam\documents\uni\2016\sem 2\ict290\assignments\1\clone\ict290grp\campus tour\main.cpp(2789): warning C4305: 'argument': truncation from 'double' to 'GLfloat'
c:\users\sam\documents\uni\2016\sem 2\ict290\assignments\1\clone\ict290grp\campus tour\main.cpp(2790): warning C4305: 'argument': truncation from 'double' to 'GLfloat'
c:\users\sam\documents\uni\2016\sem 2\ict290\assignments\1\clone\ict290grp\campus tour\main.cpp(2791): warning C4305: 'argument': truncation from 'double' to 'GLfloat'
c:\users\sam\documents\uni\2016\sem 2\ict290\assignments\1\clone\ict290grp\campus tour\main.cpp(2840): warning C4244: 'argument': conversion from 'GLdouble' to 'GLfloat', possible loss of data
c:\users\sam\documents\uni\2016\sem 2\ict290\assignments\1\clone\ict290grp\campus tour\main.cpp(2848): warning C4244: 'argument': conversion from 'GLdouble' to 'GLfloat', possible loss of data
c:\users\sam\documents\uni\2016\sem 2\ict290\assignments\1\clone\ict290grp\campus tour\main.cpp(2855): warning C4244: 'argument': conversion from 'GLdouble' to 'GLfloat', possible loss of data
c:\users\sam\documents\uni\2016\sem 2\ict290\assignments\1\clone\ict290grp\campus tour\main.cpp(2868): warning C4244: 'argument': conversion from 'GLdouble' to 'GLfloat', possible loss of data
c:\users\sam\documents\uni\2016\sem 2\ict290\assignments\1\clone\ict290grp\campus tour\main.cpp(2876): warning C4244: 'argument': conversion from 'GLdouble' to 'GLfloat', possible loss of data
c:\users\sam\documents\uni\2016\sem 2\ict290\assignments\1\clone\ict290grp\campus tour\main.cpp(2942): warning C4305: 'argument': truncation from 'double' to 'GLfloat'
c:\users\sam\documents\uni\2016\sem 2\ict290\assignments\1\clone\ict290grp\campus tour\main.cpp(2943): warning C4305: 'argument': truncation from 'double' to 'GLfloat'
c:\users\sam\documents\uni\2016\sem 2\ict290\assignments\1\clone\ict290grp\campus tour\main.cpp(2944): warning C4305: 'argument': truncation from 'double' to 'GLfloat'
c:\users\sam\documents\uni\2016\sem 2\ict290\assignments\1\clone\ict290grp\campus tour\main.cpp(2945): warning C4305: 'argument': truncation from 'double' to 'GLfloat'
c:\users\sam\documents\uni\2016\sem 2\ict290\assignments\1\clone\ict290grp\campus tour\main.cpp(2954): warning C4305: 'argument': truncation from 'double' to 'GLfloat'
c:\users\sam\documents\uni\2016\sem 2\ict290\assignments\1\clone\ict290grp\campus tour\main.cpp(2955): warning C4305: 'argument': truncation from 'double' to 'GLfloat'
c:\users\sam\documents\uni\2016\sem 2\ict290\assignments\1\clone\ict290grp\campus tour\main.cpp(2956): warning C4305: 'argument': truncation from 'double' to 'GLfloat'
c:\users\sam\documents\uni\2016\sem 2\ict290\assignments\1\clone\ict290grp\campus tour\main.cpp(2957): warning C4305: 'argument': truncation from 'double' to 'GLfloat'
c:\users\sam\documents\uni\2016\sem 2\ict290\assignments\1\clone\ict290grp\campus tour\main.cpp(3246): warning C4244: 'argument': conversion from 'GLdouble' to 'GLfloat', possible loss of data
c:\users\sam\documents\uni\2016\sem 2\ict290\assignments\1\clone\ict290grp\campus tour\main.cpp(3447): warning C4244: 'argument': conversion from 'GLdouble' to 'GLfloat', possible loss of data
c:\users\sam\documents\uni\2016\sem 2\ict290\assignments\1\clone\ict290grp\campus tour\main.cpp(3462): warning C4244: 'argument': conversion from 'GLdouble' to 'GLfloat', possible loss of data
c:\users\sam\documents\uni\2016\sem 2\ict290\assignments\1\clone\ict290grp\campus tour\main.cpp(3478): warning C4244: 'argument': conversion from 'GLdouble' to 'GLfloat', possible loss of data
c:\users\sam\documents\uni\2016\sem 2\ict290\assignments\1\clone\ict290grp\campus tour\main.cpp(3498): warning C4244: 'argument': conversion from 'GLdouble' to 'GLfloat', possible loss of data
c:\users\sam\documents\uni\2016\sem 2\ict290\assignments\1\clone\ict290grp\campus tour\main.cpp(3521): warning C4244: 'argument': conversion from 'GLdouble' to 'GLfloat', possible loss of data
c:\users\sam\documents\uni\2016\sem 2\ict290\assignments\1\clone\ict290grp\campus tour\main.cpp(3525): warning C4244: 'argument': conversion from 'GLdouble' to 'GLfloat', possible loss of data
c:\users\sam\documents\uni\2016\sem 2\ict290\assignments\1\clone\ict290grp\campus tour\main.cpp(3544): warning C4244: 'argument': conversion from 'GLdouble' to 'GLfloat', possible loss of data
c:\users\sam\documents\uni\2016\sem 2\ict290\assignments\1\clone\ict290grp\campus tour\main.cpp(3548): warning C4244: 'argument': conversion from 'GLdouble' to 'GLfloat', possible loss of data
c:\users\sam\documents\uni\2016\sem 2\ict290\assignments\1\clone\ict290grp\campus tour\main.cpp(3568): warning C4244: 'argument': conversion from 'GLdouble' to 'GLfloat', possible loss of data
c:\users\sam\documents\uni\2016\sem 2\ict290\assignments\1\clone\ict290grp\campus tour\main.cpp(3572): warning C4244: 'argument': conversion from 'GLdouble' to 'GLfloat', possible loss of data
c:\users\sam\documents\uni\2016\sem 2\ict290\assignments\1\clone\ict290grp\campus tour\main.cpp(3592): warning C4244: 'argument': conversion from 'GLdouble' to 'GLfloat', possible loss of data
c:\users\sam\documents\uni\2016\sem 2\ict290\assignments\1\clone\ict290grp\campus tour\main.cpp(3596): warning C4244: 'argument': conversion from 'GLdouble' to 'GLfloat', possible loss of data
c:\users\sam\documents\uni\2016\sem 2\ict290\assignments\1\clone\ict290grp\campus tour\main.cpp(3657): warning C4305: 'argument': truncation from 'double' to 'GLfloat'
c:\users\sam\documents\uni\2016\sem 2\ict290\assignments\1\clone\ict290grp\campus tour\main.cpp(3658): warning C4305: 'argument': truncation from 'double' to 'GLfloat'
c:\users\sam\documents\uni\2016\sem 2\ict290\assignments\1\clone\ict290grp\campus tour\main.cpp(3659): warning C4305: 'argument': truncation from 'double' to 'GLfloat'
c:\users\sam\documents\uni\2016\sem 2\ict290\assignments\1\clone\ict290grp\campus tour\main.cpp(3660): warning C4305: 'argument': truncation from 'double' to 'GLfloat'
c:\users\sam\documents\uni\2016\sem 2\ict290\assignments\1\clone\ict290grp\campus tour\main.cpp(3662): warning C4305: 'argument': truncation from 'double' to 'GLfloat'
c:\users\sam\documents\uni\2016\sem 2\ict290\assignments\1\clone\ict290grp\campus tour\main.cpp(3669): warning C4305: 'argument': truncation from 'double' to 'GLfloat'
c:\users\sam\documents\uni\2016\sem 2\ict290\assignments\1\clone\ict290grp\campus tour\main.cpp(3670): warning C4305: 'argument': truncation from 'double' to 'GLfloat'
c:\users\sam\documents\uni\2016\sem 2\ict290\assignments\1\clone\ict290grp\campus tour\main.cpp(3671): warning C4305: 'argument': truncation from 'double' to 'GLfloat'
c:\users\sam\documents\uni\2016\sem 2\ict290\assignments\1\clone\ict290grp\campus tour\main.cpp(3672): warning C4305: 'argument': truncation from 'double' to 'GLfloat'
c:\users\sam\documents\uni\2016\sem 2\ict290\assignments\1\clone\ict290grp\campus tour\main.cpp(3673): warning C4305: 'argument': truncation from 'double' to 'GLfloat'
c:\users\sam\documents\uni\2016\sem 2\ict290\assignments\1\clone\ict290grp\campus tour\main.cpp(3682): warning C4305: 'argument': truncation from 'double' to 'GLfloat'
c:\users\sam\documents\uni\2016\sem 2\ict290\assignments\1\clone\ict290grp\campus tour\main.cpp(3684): warning C4305: 'argument': truncation from 'double' to 'GLfloat'
c:\users\sam\documents\uni\2016\sem 2\ict290\assignments\1\clone\ict290grp\campus tour\main.cpp(3685): warning C4305: 'argument': truncation from 'double' to 'GLfloat'
c:\users\sam\documents\uni\2016\sem 2\ict290\assignments\1\clone\ict290grp\campus tour\main.cpp(3686): warning C4305: 'argument': truncation from 'double' to 'GLfloat'
c:\users\sam\documents\uni\2016\sem 2\ict290\assignments\1\clone\ict290grp\campus tour\main.cpp(3687): warning C4305: 'argument': truncation from 'double' to 'GLfloat'
c:\users\sam\documents\uni\2016\sem 2\ict290\assignments\1\clone\ict290grp\campus tour\main.cpp(3688): warning C4305: 'argument': truncation from 'double' to 'GLfloat'
c:\users\sam\documents\uni\2016\sem 2\ict290\assignments\1\clone\ict290grp\campus tour\main.cpp(3696): warning C4305: 'argument': truncation from 'double' to 'GLfloat'
c:\users\sam\documents\uni\2016\sem 2\ict290\assignments\1\clone\ict290grp\campus tour\main.cpp(3697): warning C4305: 'argument': truncation from 'double' to 'GLfloat'
c:\users\sam\documents\uni\2016\sem 2\ict290\assignments\1\clone\ict290grp\campus tour\main.cpp(3698): warning C4305: 'argument': truncation from 'double' to 'GLfloat'
c:\users\sam\documents\uni\2016\sem 2\ict290\assignments\1\clone\ict290grp\campus tour\main.cpp(3699): warning C4305: 'argument': truncation from 'double' to 'GLfloat'
c:\users\sam\documents\uni\2016\sem 2\ict290\assignments\1\clone\ict290grp\campus tour\main.cpp(3700): warning C4305: 'argument': truncation from 'double' to 'GLfloat'
c:\users\sam\documents\uni\2016\sem 2\ict290\assignments\1\clone\ict290grp\campus tour\main.cpp(3701): warning C4305: 'argument': truncation from 'double' to 'GLfloat'
c:\users\sam\documents\uni\2016\sem 2\ict290\assignments\1\clone\ict290grp\campus tour\main.cpp(3711): warning C4305: 'argument': truncation from 'double' to 'GLfloat'
c:\users\sam\documents\uni\2016\sem 2\ict290\assignments\1\clone\ict290grp\campus tour\main.cpp(3712): warning C4305: 'argument': truncation from 'double' to 'GLfloat'
c:\users\sam\documents\uni\2016\sem 2\ict290\assignments\1\clone\ict290grp\campus tour\main.cpp(3713): warning C4305: 'argument': truncation from 'double' to 'GLfloat'
c:\users\sam\documents\uni\2016\sem 2\ict290\assignments\1\clone\ict290grp\campus tour\main.cpp(3714): warning C4305: 'argument': truncation from 'double' to 'GLfloat'
c:\users\sam\documents\uni\2016\sem 2\ict290\assignments\1\clone\ict290grp\campus tour\main.cpp(3724): warning C4305: 'argument': truncation from 'double' to 'GLfloat'
c:\users\sam\documents\uni\2016\sem 2\ict290\assignments\1\clone\ict290grp\campus tour\main.cpp(3725): warning C4305: 'argument': truncation from 'double' to 'GLfloat'
c:\users\sam\documents\uni\2016\sem 2\ict290\assignments\1\clone\ict290grp\campus tour\main.cpp(3726): warning C4305: 'argument': truncation from 'double' to 'GLfloat'
c:\users\sam\documents\uni\2016\sem 2\ict290\assignments\1\clone\ict290grp\campus tour\main.cpp(3727): warning C4305: 'argument': truncation from 'double' to 'GLfloat'
c:\users\sam\documents\uni\2016\sem 2\ict290\assignments\1\clone\ict290grp\campus tour\main.cpp(3735): warning C4305: 'argument': truncation from 'double' to 'GLfloat'
c:\users\sam\documents\uni\2016\sem 2\ict290\assignments\1\clone\ict290grp\campus tour\main.cpp(3736): warning C4305: 'argument': truncation from 'double' to 'GLfloat'
c:\users\sam\documents\uni\2016\sem 2\ict290\assignments\1\clone\ict290grp\campus tour\main.cpp(3737): warning C4305: 'argument': truncation from 'double' to 'GLfloat'
c:\users\sam\documents\uni\2016\sem 2\ict290\assignments\1\clone\ict290grp\campus tour\main.cpp(3738): warning C4305: 'argument': truncation from 'double' to 'GLfloat'
c:\users\sam\documents\uni\2016\sem 2\ict290\assignments\1\clone\ict290grp\campus tour\main.cpp(3739): warning C4305: 'argument': truncation from 'double' to 'GLfloat'
c:\users\sam\documents\uni\2016\sem 2\ict290\assignments\1\clone\ict290grp\campus tour\main.cpp(3740): warning C4305: 'argument': truncation from 'double' to 'GLfloat'
c:\users\sam\documents\uni\2016\sem 2\ict290\assignments\1\clone\ict290grp\campus tour\main.cpp(3750): warning C4305: 'argument': truncation from 'double' to 'GLfloat'
c:\users\sam\documents\uni\2016\sem 2\ict290\assignments\1\clone\ict290grp\campus tour\main.cpp(3751): warning C4305: 'argument': truncation from 'double' to 'GLfloat'
c:\users\sam\documents\uni\2016\sem 2\ict290\assignments\1\clone\ict290grp\campus tour\main.cpp(3752): warning C4305: 'argument': truncation from 'double' to 'GLfloat'
c:\users\sam\documents\uni\2016\sem 2\ict290\assignments\1\clone\ict290grp\campus tour\main.cpp(3753): warning C4305: 'argument': truncation from 'double' to 'GLfloat'
c:\users\sam\documents\uni\2016\sem 2\ict290\assignments\1\clone\ict290grp\campus tour\main.cpp(3763): warning C4305: 'argument': truncation from 'double' to 'GLfloat'
c:\users\sam\documents\uni\2016\sem 2\ict290\assignments\1\clone\ict290grp\campus tour\main.cpp(3764): warning C4305: 'argument': truncation from 'double' to 'GLfloat'
c:\users\sam\documents\uni\2016\sem 2\ict290\assignments\1\clone\ict290grp\campus tour\main.cpp(3765): warning C4305: 'argument': truncation from 'double' to 'GLfloat'
c:\users\sam\documents\uni\2016\sem 2\ict290\assignments\1\clone\ict290grp\campus tour\main.cpp(3766): warning C4305: 'argument': truncation from 'double' to 'GLfloat'
c:\users\sam\documents\uni\2016\sem 2\ict290\assignments\1\clone\ict290grp\campus tour\main.cpp(3773): warning C4305: 'argument': truncation from 'double' to 'GLfloat'
c:\users\sam\documents\uni\2016\sem 2\ict290\assignments\1\clone\ict290grp\campus tour\main.cpp(3774): warning C4305: 'argument': truncation from 'double' to 'GLfloat'
c:\users\sam\documents\uni\2016\sem 2\ict290\assignments\1\clone\ict290grp\campus tour\main.cpp(3775): warning C4305: 'argument': truncation from 'double' to 'GLfloat'
c:\users\sam\documents\uni\2016\sem 2\ict290\assignments\1\clone\ict290grp\campus tour\main.cpp(3776): warning C4305: 'argument': truncation from 'double' to 'GLfloat'
c:\users\sam\documents\uni\2016\sem 2\ict290\assignments\1\clone\ict290grp\campus tour\main.cpp(3777): warning C4305: 'argument': truncation from 'double' to 'GLfloat'
c:\users\sam\documents\uni\2016\sem 2\ict290\assignments\1\clone\ict290grp\campus tour\main.cpp(3778): warning C4305: 'argument': truncation from 'double' to 'GLfloat'
c:\users\sam\documents\uni\2016\sem 2\ict290\assignments\1\clone\ict290grp\campus tour\main.cpp(3779): warning C4305: 'argument': truncation from 'double' to 'GLfloat'
c:\users\sam\documents\uni\2016\sem 2\ict290\assignments\1\clone\ict290grp\campus tour\main.cpp(3786): warning C4305: 'argument': truncation from 'double' to 'GLfloat'
c:\users\sam\documents\uni\2016\sem 2\ict290\assignments\1\clone\ict290grp\campus tour\main.cpp(3788): warning C4305: 'argument': truncation from 'double' to 'GLfloat'
c:\users\sam\documents\uni\2016\sem 2\ict290\assignments\1\clone\ict290grp\campus tour\main.cpp(3789): warning C4305: 'argument': truncation from 'double' to 'GLfloat'
c:\users\sam\documents\uni\2016\sem 2\ict290\assignments\1\clone\ict290grp\campus tour\main.cpp(3790): warning C4305: 'argument': truncation from 'double' to 'GLfloat'
c:\users\sam\documents\uni\2016\sem 2\ict290\assignments\1\clone\ict290grp\campus tour\main.cpp(3791): warning C4305: 'argument': truncation from 'double' to 'GLfloat'
c:\users\sam\documents\uni\2016\sem 2\ict290\assignments\1\clone\ict290grp\campus tour\main.cpp(3792): warning C4305: 'argument': truncation from 'double' to 'GLfloat'
c:\users\sam\documents\uni\2016\sem 2\ict290\assignments\1\clone\ict290grp\campus tour\main.cpp(3799): warning C4305: 'argument': truncation from 'double' to 'GLfloat'
c:\users\sam\documents\uni\2016\sem 2\ict290\assignments\1\clone\ict290grp\campus tour\main.cpp(3801): warning C4305: 'argument': truncation from 'double' to 'GLfloat'
c:\users\sam\documents\uni\2016\sem 2\ict290\assignments\1\clone\ict290grp\campus tour\main.cpp(3802): warning C4305: 'argument': truncation from 'double' to 'GLfloat'
c:\users\sam\documents\uni\2016\sem 2\ict290\assignments\1\clone\ict290grp\campus tour\main.cpp(3803): warning C4305: 'argument': truncation from 'double' to 'GLfloat'
c:\users\sam\documents\uni\2016\sem 2\ict290\assignments\1\clone\ict290grp\campus tour\main.cpp(3804): warning C4305: 'argument': truncation from 'double' to 'GLfloat'
c:\users\sam\documents\uni\2016\sem 2\ict290\assignments\1\clone\ict290grp\campus tour\main.cpp(3805): warning C4305: 'argument': truncation from 'double' to 'GLfloat'
c:\users\sam\documents\uni\2016\sem 2\ict290\assignments\1\clone\ict290grp\campus tour\main.cpp(3813): warning C4305: 'argument': truncation from 'double' to 'GLfloat'
c:\users\sam\documents\uni\2016\sem 2\ict290\assignments\1\clone\ict290grp\campus tour\main.cpp(3814): warning C4305: 'argument': truncation from 'double' to 'GLfloat'
c:\users\sam\documents\uni\2016\sem 2\ict290\assignments\1\clone\ict290grp\campus tour\main.cpp(3815): warning C4305: 'argument': truncation from 'double' to 'GLfloat'
c:\users\sam\documents\uni\2016\sem 2\ict290\assignments\1\clone\ict290grp\campus tour\main.cpp(3816): warning C4305: 'argument': truncation from 'double' to 'GLfloat'
c:\users\sam\documents\uni\2016\sem 2\ict290\assignments\1\clone\ict290grp\campus tour\main.cpp(3817): warning C4305: 'argument': truncation from 'double' to 'GLfloat'
c:\users\sam\documents\uni\2016\sem 2\ict290\assignments\1\clone\ict290grp\campus tour\main.cpp(3828): warning C4305: 'argument': truncation from 'double' to 'GLfloat'
c:\users\sam\documents\uni\2016\sem 2\ict290\assignments\1\clone\ict290grp\campus tour\main.cpp(3830): warning C4305: 'argument': truncation from 'double' to 'GLfloat'
c:\users\sam\documents\uni\2016\sem 2\ict290\assignments\1\clone\ict290grp\campus tour\main.cpp(3841): warning C4305: 'argument': truncation from 'double' to 'GLfloat'
c:\users\sam\documents\uni\2016\sem 2\ict290\assignments\1\clone\ict290grp\campus tour\main.cpp(3843): warning C4305: 'argument': truncation from 'double' to 'GLfloat'
c:\users\sam\documents\uni\2016\sem 2\ict290\assignments\1\clone\ict290grp\campus tour\main.cpp(3887): warning C4244: 'argument': conversion from 'GLdouble' to 'GLfloat', possible loss of data
c:\users\sam\documents\uni\2016\sem 2\ict290\assignments\1\clone\ict290grp\campus tour\main.cpp(3889): warning C4244: 'argument': conversion from 'GLdouble' to 'GLfloat', possible loss of data
c:\users\sam\documents\uni\2016\sem 2\ict290\assignments\1\clone\ict290grp\campus tour\main.cpp(3890): warning C4244: 'argument': conversion from 'GLdouble' to 'GLfloat', possible loss of data
c:\users\sam\documents\uni\2016\sem 2\ict290\assignments\1\clone\ict290grp\campus tour\main.cpp(3891): warning C4244: 'argument': conversion from 'GLdouble' to 'GLfloat', possible loss of data
c:\users\sam\documents\uni\2016\sem 2\ict290\assignments\1\clone\ict290grp\campus tour\main.cpp(3891): warning C4305: 'argument': truncation from 'double' to 'GLfloat'
c:\users\sam\documents\uni\2016\sem 2\ict290\assignments\1\clone\ict290grp\campus tour\main.cpp(3892): warning C4244: 'argument': conversion from 'GLdouble' to 'GLfloat', possible loss of data
c:\users\sam\documents\uni\2016\sem 2\ict290\assignments\1\clone\ict290grp\campus tour\main.cpp(3893): warning C4244: 'argument': conversion from 'GLdouble' to 'GLfloat', possible loss of data
c:\users\sam\documents\uni\2016\sem 2\ict290\assignments\1\clone\ict290grp\campus tour\main.cpp(3893): warning C4305: 'argument': truncation from 'double' to 'GLfloat'
c:\users\sam\documents\uni\2016\sem 2\ict290\assignments\1\clone\ict290grp\campus tour\main.cpp(3899): warning C4244: 'argument': conversion from 'GLdouble' to 'GLfloat', possible loss of data
c:\users\sam\documents\uni\2016\sem 2\ict290\assignments\1\clone\ict290grp\campus tour\main.cpp(3901): warning C4244: 'argument': conversion from 'GLdouble' to 'GLfloat', possible loss of data
c:\users\sam\documents\uni\2016\sem 2\ict290\assignments\1\clone\ict290grp\campus tour\main.cpp(3902): warning C4244: 'argument': conversion from 'GLdouble' to 'GLfloat', possible loss of data
c:\users\sam\documents\uni\2016\sem 2\ict290\assignments\1\clone\ict290grp\campus tour\main.cpp(3903): warning C4244: 'argument': conversion from 'GLdouble' to 'GLfloat', possible loss of data
c:\users\sam\documents\uni\2016\sem 2\ict290\assignments\1\clone\ict290grp\campus tour\main.cpp(3903): warning C4305: 'argument': truncation from 'double' to 'GLfloat'
c:\users\sam\documents\uni\2016\sem 2\ict290\assignments\1\clone\ict290grp\campus tour\main.cpp(3904): warning C4244: 'argument': conversion from 'GLdouble' to 'GLfloat', possible loss of data
c:\users\sam\documents\uni\2016\sem 2\ict290\assignments\1\clone\ict290grp\campus tour\main.cpp(3905): warning C4244: 'argument': conversion from 'GLdouble' to 'GLfloat', possible loss of data
c:\users\sam\documents\uni\2016\sem 2\ict290\assignments\1\clone\ict290grp\campus tour\main.cpp(3905): warning C4305: 'argument': truncation from 'double' to 'GLfloat'
c:\users\sam\documents\uni\2016\sem 2\ict290\assignments\1\clone\ict290grp\campus tour\main.cpp(3915): warning C4244: 'argument': conversion from 'GLdouble' to 'GLfloat', possible loss of data
c:\users\sam\documents\uni\2016\sem 2\ict290\assignments\1\clone\ict290grp\campus tour\main.cpp(3917): warning C4244: 'argument': conversion from 'GLdouble' to 'GLfloat', possible loss of data
c:\users\sam\documents\uni\2016\sem 2\ict290\assignments\1\clone\ict290grp\campus tour\main.cpp(3918): warning C4244: 'argument': conversion from 'GLdouble' to 'GLfloat', possible loss of data
c:\users\sam\documents\uni\2016\sem 2\ict290\assignments\1\clone\ict290grp\campus tour\main.cpp(3919): warning C4244: 'argument': conversion from 'GLdouble' to 'GLfloat', possible loss of data
c:\users\sam\documents\uni\2016\sem 2\ict290\assignments\1\clone\ict290grp\campus tour\main.cpp(3920): warning C4244: 'argument': conversion from 'GLdouble' to 'GLfloat', possible loss of data
c:\users\sam\documents\uni\2016\sem 2\ict290\assignments\1\clone\ict290grp\campus tour\main.cpp(3921): warning C4244: 'argument': conversion from 'GLdouble' to 'GLfloat', possible loss of data
c:\users\sam\documents\uni\2016\sem 2\ict290\assignments\1\clone\ict290grp\campus tour\main.cpp(3927): warning C4244: 'argument': conversion from 'GLdouble' to 'GLfloat', possible loss of data
c:\users\sam\documents\uni\2016\sem 2\ict290\assignments\1\clone\ict290grp\campus tour\main.cpp(3929): warning C4244: 'argument': conversion from 'GLdouble' to 'GLfloat', possible loss of data
c:\users\sam\documents\uni\2016\sem 2\ict290\assignments\1\clone\ict290grp\campus tour\main.cpp(3930): warning C4244: 'argument': conversion from 'GLdouble' to 'GLfloat', possible loss of data
c:\users\sam\documents\uni\2016\sem 2\ict290\assignments\1\clone\ict290grp\campus tour\main.cpp(3931): warning C4244: 'argument': conversion from 'GLdouble' to 'GLfloat', possible loss of data
c:\users\sam\documents\uni\2016\sem 2\ict290\assignments\1\clone\ict290grp\campus tour\main.cpp(3932): warning C4244: 'argument': conversion from 'GLdouble' to 'GLfloat', possible loss of data
c:\users\sam\documents\uni\2016\sem 2\ict290\assignments\1\clone\ict290grp\campus tour\main.cpp(3933): warning C4244: 'argument': conversion from 'GLdouble' to 'GLfloat', possible loss of data
c:\users\sam\documents\uni\2016\sem 2\ict290\assignments\1\clone\ict290grp\campus tour\main.cpp(3962): warning C4244: 'argument': conversion from 'GLdouble' to 'GLfloat', possible loss of data
c:\users\sam\documents\uni\2016\sem 2\ict290\assignments\1\clone\ict290grp\campus tour\main.cpp(3966): warning C4244: 'argument': conversion from 'GLdouble' to 'GLfloat', possible loss of data
c:\users\sam\documents\uni\2016\sem 2\ict290\assignments\1\clone\ict290grp\campus tour\main.cpp(4021): warning C4244: 'argument': conversion from 'GLdouble' to 'GLfloat', possible loss of data
c:\users\sam\documents\uni\2016\sem 2\ict290\assignments\1\clone\ict290grp\campus tour\main.cpp(4048): warning C4244: 'argument': conversion from 'GLdouble' to 'GLfloat', possible loss of data
c:\users\sam\documents\uni\2016\sem 2\ict290\assignments\1\clone\ict290grp\campus tour\main.cpp(4062): warning C4244: 'argument': conversion from 'GLdouble' to 'GLfloat', possible loss of data
c:\users\sam\documents\uni\2016\sem 2\ict290\assignments\1\clone\ict290grp\campus tour\main.cpp(4090): warning C4244: 'argument': conversion from 'GLdouble' to 'GLfloat', possible loss of data
c:\users\sam\documents\uni\2016\sem 2\ict290\assignments\1\clone\ict290grp\campus tour\main.cpp(4117): warning C4244: 'argument': conversion from 'GLdouble' to 'GLfloat', possible loss of data
c:\users\sam\documents\uni\2016\sem 2\ict290\assignments\1\clone\ict290grp\campus tour\main.cpp(4131): warning C4244: 'argument': conversion from 'GLdouble' to 'GLfloat', possible loss of data
c:\users\sam\documents\uni\2016\sem 2\ict290\assignments\1\clone\ict290grp\campus tour\main.cpp(4290): warning C4305: 'argument': truncation from 'double' to 'GLfloat'
c:\users\sam\documents\uni\2016\sem 2\ict290\assignments\1\clone\ict290grp\campus tour\main.cpp(4324): warning C4244: 'argument': conversion from 'GLdouble' to 'GLfloat', possible loss of data
c:\users\sam\documents\uni\2016\sem 2\ict290\assignments\1\clone\ict290grp\campus tour\main.cpp(4355): warning C4244: 'argument': conversion from 'GLdouble' to 'GLfloat', possible loss of data
c:\users\sam\documents\uni\2016\sem 2\ict290\assignments\1\clone\ict290grp\campus tour\main.cpp(4398): warning C4305: 'argument': truncation from 'double' to 'GLfloat'
c:\users\sam\documents\uni\2016\sem 2\ict290\assignments\1\clone\ict290grp\campus tour\main.cpp(4403): warning C4305: 'argument': truncation from 'double' to 'GLfloat'
c:\users\sam\documents\uni\2016\sem 2\ict290\assignments\1\clone\ict290grp\campus tour\main.cpp(4534): warning C4305: 'argument': truncation from 'double' to 'GLfloat'
c:\users\sam\documents\uni\2016\sem 2\ict290\assignments\1\clone\ict290grp\campus tour\main.cpp(4536): warning C4305: 'argument': truncation from 'double' to 'GLfloat'
c:\users\sam\documents\uni\2016\sem 2\ict290\assignments\1\clone\ict290grp\campus tour\main.cpp(4537): warning C4305: 'argument': truncation from 'double' to 'GLfloat'
c:\users\sam\documents\uni\2016\sem 2\ict290\assignments\1\clone\ict290grp\campus tour\main.cpp(4538): warning C4305: 'argument': truncation from 'double' to 'GLfloat'
c:\users\sam\documents\uni\2016\sem 2\ict290\assignments\1\clone\ict290grp\campus tour\main.cpp(4539): warning C4305: 'argument': truncation from 'double' to 'GLfloat'
c:\users\sam\documents\uni\2016\sem 2\ict290\assignments\1\clone\ict290grp\campus tour\main.cpp(4546): warning C4305: 'argument': truncation from 'double' to 'GLfloat'
c:\users\sam\documents\uni\2016\sem 2\ict290\assignments\1\clone\ict290grp\campus tour\main.cpp(4548): warning C4305: 'argument': truncation from 'double' to 'GLfloat'
c:\users\sam\documents\uni\2016\sem 2\ict290\assignments\1\clone\ict290grp\campus tour\main.cpp(4549): warning C4305: 'argument': truncation from 'double' to 'GLfloat'
c:\users\sam\documents\uni\2016\sem 2\ict290\assignments\1\clone\ict290grp\campus tour\main.cpp(4550): warning C4305: 'argument': truncation from 'double' to 'GLfloat'
c:\users\sam\documents\uni\2016\sem 2\ict290\assignments\1\clone\ict290grp\campus tour\main.cpp(4551): warning C4305: 'argument': truncation from 'double' to 'GLfloat'
c:\users\sam\documents\uni\2016\sem 2\ict290\assignments\1\clone\ict290grp\campus tour\main.cpp(4558): warning C4305: 'argument': truncation from 'double' to 'GLfloat'
c:\users\sam\documents\uni\2016\sem 2\ict290\assignments\1\clone\ict290grp\campus tour\main.cpp(4560): warning C4305: 'argument': truncation from 'double' to 'GLfloat'
c:\users\sam\documents\uni\2016\sem 2\ict290\assignments\1\clone\ict290grp\campus tour\main.cpp(4561): warning C4305: 'argument': truncation from 'double' to 'GLfloat'
c:\users\sam\documents\uni\2016\sem 2\ict290\assignments\1\clone\ict290grp\campus tour\main.cpp(4562): warning C4305: 'argument': truncation from 'double' to 'GLfloat'
c:\users\sam\documents\uni\2016\sem 2\ict290\assignments\1\clone\ict290grp\campus tour\main.cpp(4563): warning C4305: 'argument': truncation from 'double' to 'GLfloat'
c:\users\sam\documents\uni\2016\sem 2\ict290\assignments\1\clone\ict290grp\campus tour\main.cpp(4570): warning C4305: 'argument': truncation from 'double' to 'GLfloat'
c:\users\sam\documents\uni\2016\sem 2\ict290\assignments\1\clone\ict290grp\campus tour\main.cpp(4572): warning C4305: 'argument': truncation from 'double' to 'GLfloat'
c:\users\sam\documents\uni\2016\sem 2\ict290\assignments\1\clone\ict290grp\campus tour\main.cpp(4573): warning C4305: 'argument': truncation from 'double' to 'GLfloat'
c:\users\sam\documents\uni\2016\sem 2\ict290\assignments\1\clone\ict290grp\campus tour\main.cpp(4574): warning C4305: 'argument': truncation from 'double' to 'GLfloat'
c:\users\sam\documents\uni\2016\sem 2\ict290\assignments\1\clone\ict290grp\campus tour\main.cpp(4575): warning C4305: 'argument': truncation from 'double' to 'GLfloat'
c:\users\sam\documents\uni\2016\sem 2\ict290\assignments\1\clone\ict290grp\campus tour\main.cpp(4584): warning C4305: 'argument': truncation from 'double' to 'GLfloat'
c:\users\sam\documents\uni\2016\sem 2\ict290\assignments\1\clone\ict290grp\campus tour\main.cpp(4585): warning C4305: 'argument': truncation from 'double' to 'GLfloat'
c:\users\sam\documents\uni\2016\sem 2\ict290\assignments\1\clone\ict290grp\campus tour\main.cpp(4586): warning C4305: 'argument': truncation from 'double' to 'GLfloat'
c:\users\sam\documents\uni\2016\sem 2\ict290\assignments\1\clone\ict290grp\campus tour\main.cpp(4587): warning C4305: 'argument': truncation from 'double' to 'GLfloat'
c:\users\sam\documents\uni\2016\sem 2\ict290\assignments\1\clone\ict290grp\campus tour\main.cpp(4619): warning C4244: 'argument': conversion from 'GLdouble' to 'GLfloat', possible loss of data
c:\users\sam\documents\uni\2016\sem 2\ict290\assignments\1\clone\ict290grp\campus tour\main.cpp(4630): warning C4244: 'argument': conversion from 'GLdouble' to 'GLfloat', possible loss of data
c:\users\sam\documents\uni\2016\sem 2\ict290\assignments\1\clone\ict290grp\campus tour\main.cpp(4642): warning C4244: 'argument': conversion from 'GLdouble' to 'GLfloat', possible loss of data
c:\users\sam\documents\uni\2016\sem 2\ict290\assignments\1\clone\ict290grp\campus tour\main.cpp(4676): warning C4244: 'argument': conversion from 'GLdouble' to 'GLfloat', possible loss of data
c:\users\sam\documents\uni\2016\sem 2\ict290\assignments\1\clone\ict290grp\campus tour\main.cpp(4687): warning C4244: 'argument': conversion from 'GLdouble' to 'GLfloat', possible loss of data
c:\users\sam\documents\uni\2016\sem 2\ict290\assignments\1\clone\ict290grp\campus tour\main.cpp(4699): warning C4244: 'argument': conversion from 'GLdouble' to 'GLfloat', possible loss of data
c:\users\sam\documents\uni\2016\sem 2\ict290\assignments\1\clone\ict290grp\campus tour\main.cpp(4709): warning C4244: 'argument': conversion from 'GLdouble' to 'GLfloat', possible loss of data
c:\users\sam\documents\uni\2016\sem 2\ict290\assignments\1\clone\ict290grp\campus tour\main.cpp(4722): warning C4244: 'argument': conversion from 'GLdouble' to 'GLfloat', possible loss of data
c:\users\sam\documents\uni\2016\sem 2\ict290\assignments\1\clone\ict290grp\campus tour\main.cpp(4806): warning C4244: 'argument': conversion from 'GLdouble' to 'GLfloat', possible loss of data
c:\users\sam\documents\uni\2016\sem 2\ict290\assignments\1\clone\ict290grp\campus tour\main.cpp(4817): warning C4244: 'argument': conversion from 'GLdouble' to 'GLfloat', possible loss of data
c:\users\sam\documents\uni\2016\sem 2\ict290\assignments\1\clone\ict290grp\campus tour\main.cpp(4828): warning C4244: 'argument': conversion from 'GLdouble' to 'GLfloat', possible loss of data
c:\users\sam\documents\uni\2016\sem 2\ict290\assignments\1\clone\ict290grp\campus tour\main.cpp(4840): warning C4244: 'argument': conversion from 'GLdouble' to 'GLfloat', possible loss of data
c:\users\sam\documents\uni\2016\sem 2\ict290\assignments\1\clone\ict290grp\campus tour\main.cpp(4858): warning C4244: 'argument': conversion from 'GLdouble' to 'GLfloat', possible loss of data
c:\users\sam\documents\uni\2016\sem 2\ict290\assignments\1\clone\ict290grp\campus tour\main.cpp(5102): warning C4305: 'argument': truncation from 'double' to 'GLfloat'
c:\users\sam\documents\uni\2016\sem 2\ict290\assignments\1\clone\ict290grp\campus tour\main.cpp(5112): warning C4305: 'argument': truncation from 'double' to 'GLfloat'
c:\users\sam\documents\uni\2016\sem 2\ict290\assignments\1\clone\ict290grp\campus tour\main.cpp(5134): warning C4305: 'argument': truncation from 'double' to 'GLfloat'
c:\users\sam\documents\uni\2016\sem 2\ict290\assignments\1\clone\ict290grp\campus tour\main.cpp(5142): warning C4305: 'argument': truncation from 'double' to 'GLfloat'
c:\users\sam\documents\uni\2016\sem 2\ict290\assignments\1\clone\ict290grp\campus tour\main.cpp(5150): warning C4305: 'argument': truncation from 'double' to 'GLfloat'
c:\users\sam\documents\uni\2016\sem 2\ict290\assignments\1\clone\ict290grp\campus tour\main.cpp(5166): warning C4305: 'argument': truncation from 'double' to 'GLfloat'
c:\users\sam\documents\uni\2016\sem 2\ict290\assignments\1\clone\ict290grp\campus tour\main.cpp(5184): warning C4244: '=': conversion from 'GLdouble' to 'GLfloat', possible loss of data
c:\users\sam\documents\uni\2016\sem 2\ict290\assignments\1\clone\ict290grp\campus tour\main.cpp(5185): warning C4244: '=': conversion from 'GLdouble' to 'GLfloat', possible loss of data
c:\users\sam\documents\uni\2016\sem 2\ict290\assignments\1\clone\ict290grp\campus tour\main.cpp(5215): warning C4305: 'argument': truncation from 'double' to 'GLclampf'
c:\users\sam\documents\uni\2016\sem 2\ict290\assignments\1\clone\ict290grp\campus tour\main.cpp(5231): warning C4244: 'argument': conversion from 'double' to 'GLfloat', possible loss of data
c:\users\sam\documents\uni\2016\sem 2\ict290\assignments\1\clone\ict290grp\campus tour\main.cpp(5238): warning C4244: 'argument': conversion from 'double' to 'GLfloat', possible loss of data
c:\users\sam\documents\uni\2016\sem 2\ict290\assignments\1\clone\ict290grp\campus tour\main.cpp(5245): warning C4244: 'argument': conversion from 'double' to 'GLfloat', possible loss of data
c:\users\sam\documents\uni\2016\sem 2\ict290\assignments\1\clone\ict290grp\campus tour\main.cpp(5264): warning C4244: 'argument': conversion from 'double' to 'GLfloat', possible loss of data
c:\users\sam\documents\uni\2016\sem 2\ict290\assignments\1\clone\ict290grp\campus tour\main.cpp(5264): warning C4244: 'argument': conversion from 'GLdouble' to 'GLfloat', possible loss of data
c:\users\sam\documents\uni\2016\sem 2\ict290\assignments\1\clone\ict290grp\campus tour\main.cpp(5268): warning C4244: 'argument': conversion from 'double' to 'GLfloat', possible loss of data
c:\users\sam\documents\uni\2016\sem 2\ict290\assignments\1\clone\ict290grp\campus tour\main.cpp(5268): warning C4244: 'argument': conversion from 'GLdouble' to 'GLfloat', possible loss of data
c:\users\sam\documents\uni\2016\sem 2\ict290\assignments\1\clone\ict290grp\campus tour\main.cpp(5284): warning C4244: 'argument': conversion from 'double' to 'GLfloat', possible loss of data
c:\users\sam\documents\uni\2016\sem 2\ict290\assignments\1\clone\ict290grp\campus tour\main.cpp(5284): warning C4244: 'argument': conversion from 'GLdouble' to 'GLfloat', possible loss of data
c:\users\sam\documents\uni\2016\sem 2\ict290\assignments\1\clone\ict290grp\campus tour\main.cpp(5288): warning C4244: 'argument': conversion from 'double' to 'GLfloat', possible loss of data
c:\users\sam\documents\uni\2016\sem 2\ict290\assignments\1\clone\ict290grp\campus tour\main.cpp(5288): warning C4244: 'argument': conversion from 'GLdouble' to 'GLfloat', possible loss of data
c:\users\sam\documents\uni\2016\sem 2\ict290\assignments\1\clone\ict290grp\campus tour\main.cpp(5395): warning C4244: 'argument': conversion from 'GLdouble' to 'GLfloat', possible loss of data
c:\users\sam\documents\uni\2016\sem 2\ict290\assignments\1\clone\ict290grp\campus tour\main.cpp(5404): warning C4305: 'argument': truncation from 'double' to 'GLfloat'
c:\users\sam\documents\uni\2016\sem 2\ict290\assignments\1\clone\ict290grp\campus tour\main.cpp(5411): warning C4305: 'argument': truncation from 'double' to 'GLfloat'
c:\users\sam\documents\uni\2016\sem 2\ict290\assignments\1\clone\ict290grp\campus tour\main.cpp(5418): warning C4305: 'argument': truncation from 'double' to 'GLfloat'
c:\users\sam\documents\uni\2016\sem 2\ict290\assignments\1\clone\ict290grp\campus tour\main.cpp(5424): warning C4305: 'argument': truncation from 'double' to 'GLfloat'
c:\users\sam\documents\uni\2016\sem 2\ict290\assignments\1\clone\ict290grp\campus tour\main.cpp(5425): warning C4305: 'argument': truncation from 'double' to 'GLfloat'
c:\users\sam\documents\uni\2016\sem 2\ict290\assignments\1\clone\ict290grp\campus tour\main.cpp(5426): warning C4305: 'argument': truncation from 'double' to 'GLfloat'
c:\users\sam\documents\uni\2016\sem 2\ict290\assignments\1\clone\ict290grp\campus tour\main.cpp(5437): warning C4305: 'argument': truncation from 'double' to 'GLfloat'
c:\users\sam\documents\uni\2016\sem 2\ict290\assignments\1\clone\ict290grp\campus tour\main.cpp(5444): warning C4305: 'argument': truncation from 'double' to 'GLfloat'
c:\users\sam\documents\uni\2016\sem 2\ict290\assignments\1\clone\ict290grp\campus tour\main.cpp(5451): warning C4305: 'argument': truncation from 'double' to 'GLfloat'
c:\users\sam\documents\uni\2016\sem 2\ict290\assignments\1\clone\ict290grp\campus tour\main.cpp(5457): warning C4305: 'argument': truncation from 'double' to 'GLfloat'
c:\users\sam\documents\uni\2016\sem 2\ict290\assignments\1\clone\ict290grp\campus tour\main.cpp(5458): warning C4305: 'argument': truncation from 'double' to 'GLfloat'
c:\users\sam\documents\uni\2016\sem 2\ict290\assignments\1\clone\ict290grp\campus tour\main.cpp(5459): warning C4305: 'argument': truncation from 'double' to 'GLfloat'
c:\users\sam\documents\uni\2016\sem 2\ict290\assignments\1\clone\ict290grp\campus tour\main.cpp(5471): warning C4244: 'argument': conversion from 'double' to 'const int', possible loss of data
c:\users\sam\documents\uni\2016\sem 2\ict290\assignments\1\clone\ict290grp\campus tour\main.cpp(5472): warning C4244: 'argument': conversion from 'double' to 'const int', possible loss of data
c:\users\sam\documents\uni\2016\sem 2\ict290\assignments\1\clone\ict290grp\campus tour\main.cpp(5474): warning C4244: 'argument': conversion from 'double' to 'const int', possible loss of data
c:\users\sam\documents\uni\2016\sem 2\ict290\assignments\1\clone\ict290grp\campus tour\main.cpp(5475): warning C4244: 'argument': conversion from 'double' to 'const int', possible loss of data
c:\users\sam\documents\uni\2016\sem 2\ict290\assignments\1\clone\ict290grp\campus tour\main.cpp(5477): warning C4244: 'argument': conversion from 'double' to 'const int', possible loss of data
c:\users\sam\documents\uni\2016\sem 2\ict290\assignments\1\clone\ict290grp\campus tour\main.cpp(5478): warning C4244: 'argument': conversion from 'double' to 'const int', possible loss of data
c:\users\sam\documents\uni\2016\sem 2\ict290\assignments\1\clone\ict290grp\campus tour\main.cpp(5480): warning C4244: 'argument': conversion from 'double' to 'const int', possible loss of data
c:\users\sam\documents\uni\2016\sem 2\ict290\assignments\1\clone\ict290grp\campus tour\main.cpp(5481): warning C4244: 'argument': conversion from 'double' to 'const int', possible loss of data
c:\users\sam\documents\uni\2016\sem 2\ict290\assignments\1\clone\ict290grp\campus tour\main.cpp(5483): warning C4244: 'argument': conversion from 'double' to 'const int', possible loss of data
c:\users\sam\documents\uni\2016\sem 2\ict290\assignments\1\clone\ict290grp\campus tour\main.cpp(5484): warning C4244: 'argument': conversion from 'double' to 'const int', possible loss of data
c:\users\sam\documents\uni\2016\sem 2\ict290\assignments\1\clone\ict290grp\campus tour\main.cpp(5489): warning C4244: 'argument': conversion from 'double' to 'const int', possible loss of data
c:\users\sam\documents\uni\2016\sem 2\ict290\assignments\1\clone\ict290grp\campus tour\main.cpp(5494): warning C4244: 'argument': conversion from 'double' to 'const int', possible loss of data
c:\users\sam\documents\uni\2016\sem 2\ict290\assignments\1\clone\ict290grp\campus tour\main.cpp(5499): warning C4244: 'argument': conversion from 'double' to 'const int', possible loss of data
c:\users\sam\documents\uni\2016\sem 2\ict290\assignments\1\clone\ict290grp\campus tour\main.cpp(5505): warning C4244: 'argument': conversion from 'double' to 'const int', possible loss of data
c:\users\sam\documents\uni\2016\sem 2\ict290\assignments\1\clone\ict290grp\campus tour\main.cpp(5507): warning C4244: 'argument': conversion from 'double' to 'const int', possible loss of data
c:\users\sam\documents\uni\2016\sem 2\ict290\assignments\1\clone\ict290grp\campus tour\main.cpp(5508): warning C4244: 'argument': conversion from 'double' to 'const int', possible loss of data
c:\users\sam\documents\uni\2016\sem 2\ict290\assignments\1\clone\ict290grp\campus tour\main.cpp(5509): warning C4244: 'argument': conversion from 'double' to 'const int', possible loss of data
c:\users\sam\documents\uni\2016\sem 2\ict290\assignments\1\clone\ict290grp\campus tour\main.cpp(5510): warning C4244: 'argument': conversion from 'double' to 'const int', possible loss of data
c:\users\sam\documents\uni\2016\sem 2\ict290\assignments\1\clone\ict290grp\campus tour\main.cpp(5511): warning C4244: 'argument': conversion from 'double' to 'const int', possible loss of data
c:\users\sam\documents\uni\2016\sem 2\ict290\assignments\1\clone\ict290grp\campus tour\main.cpp(5512): warning C4244: 'argument': conversion from 'double' to 'const int', possible loss of data
c:\users\sam\documents\uni\2016\sem 2\ict290\assignments\1\clone\ict290grp\campus tour\main.cpp(5513): warning C4244: 'argument': conversion from 'double' to 'const int', possible loss of data
c:\users\sam\documents\uni\2016\sem 2\ict290\assignments\1\clone\ict290grp\campus tour\main.cpp(5514): warning C4244: 'argument': conversion from 'double' to 'const int', possible loss of data
c:\users\sam\documents\uni\2016\sem 2\ict290\assignments\1\clone\ict290grp\campus tour\main.cpp(5515): warning C4244: 'argument': conversion from 'double' to 'const int', possible loss of data
c:\users\sam\documents\uni\2016\sem 2\ict290\assignments\1\clone\ict290grp\campus tour\main.cpp(5516): warning C4244: 'argument': conversion from 'double' to 'const int', possible loss of data
c:\users\sam\documents\uni\2016\sem 2\ict290\assignments\1\clone\ict290grp\campus tour\main.cpp(5517): warning C4244: 'argument': conversion from 'double' to 'const int', possible loss of data
  houses.vcxproj -> C:\Users\sam\Documents\Uni\2016\Sem 2\ICT290\Assignments\1\Clone\ICT290Grp\CAMPUS TOUR\.\Debug\houses.exe
